<?xml version="1.0" encoding="UTF-8"?>
<!-- Generated by org.testng.reporters.JUnitReportReporter -->
<testsuite skipped="0" hostname="Sony-PC" name="tests.JenkinsTest" tests="1" failures="0" timestamp="2020-11-29T15:11:18 IST" time="8.235" errors="0">
  <testcase name="openBlog" time="8.235" classname="tests.JenkinsTest"/>
  <system-out/>
</testsuite> <!-- tests.JenkinsTest -->
